<?xml version="1.0" encoding="UTF-8"?>
<testsuite xmlns:xsi="http://www.w3.org/2001/XMLSchema-instance" xsi:noNamespaceSchemaLocation="https://maven.apache.org/surefire/maven-surefire-plugin/xsd/surefire-test-report.xsd" name="com.self.AppTest" time="0.004" tests="1" errors="0" skipped="0" failures="0">
  <properties>
    <property name="sun.desktop" value="windows"/>
    <property name="awt.toolkit" value="sun.awt.windows.WToolkit"/>
    <property name="file.encoding.pkg" value="sun.io"/>
    <property name="java.specification.version" value="1.8"/>
    <property name="sun.cpu.isalist" value="amd64"/>
    <property name="sun.jnu.encoding" value="GBK"/>
    <property name="java.class.path" value="D:\self-web-frame\base\base-client\target\test-classes;D:\self-web-frame\base\base-client\target\classes;D:\maven_repository\org\springframework\cloud\spring-cloud-starter-openfeign\2.2.5.RELEASE\spring-cloud-starter-openfeign-2.2.5.RELEASE.jar;D:\maven_repository\org\springframework\cloud\spring-cloud-starter\2.2.5.RELEASE\spring-cloud-starter-2.2.5.RELEASE.jar;D:\maven_repository\org\springframework\cloud\spring-cloud-context\2.2.5.RELEASE\spring-cloud-context-2.2.5.RELEASE.jar;D:\maven_repository\org\springframework\security\spring-security-rsa\1.0.9.RELEASE\spring-security-rsa-1.0.9.RELEASE.jar;D:\maven_repository\org\bouncycastle\bcpkix-jdk15on\1.64\bcpkix-jdk15on-1.64.jar;D:\maven_repository\org\bouncycastle\bcprov-jdk15on\1.64\bcprov-jdk15on-1.64.jar;D:\maven_repository\org\springframework\cloud\spring-cloud-openfeign-core\2.2.5.RELEASE\spring-cloud-openfeign-core-2.2.5.RELEASE.jar;D:\maven_repository\org\springframework\boot\spring-boot-autoconfigure\2.3.3.RELEASE\spring-boot-autoconfigure-2.3.3.RELEASE.jar;D:\maven_repository\org\springframework\cloud\spring-cloud-netflix-ribbon\2.2.5.RELEASE\spring-cloud-netflix-ribbon-2.2.5.RELEASE.jar;D:\maven_repository\org\springframework\cloud\spring-cloud-netflix-archaius\2.2.5.RELEASE\spring-cloud-netflix-archaius-2.2.5.RELEASE.jar;D:\maven_repository\io\github\openfeign\form\feign-form-spring\3.8.0\feign-form-spring-3.8.0.jar;D:\maven_repository\io\github\openfeign\form\feign-form\3.8.0\feign-form-3.8.0.jar;D:\maven_repository\commons-fileupload\commons-fileupload\1.4\commons-fileupload-1.4.jar;D:\maven_repository\commons-io\commons-io\2.2\commons-io-2.2.jar;D:\maven_repository\org\springframework\spring-web\5.2.8.RELEASE\spring-web-5.2.8.RELEASE.jar;D:\maven_repository\org\springframework\spring-beans\5.2.8.RELEASE\spring-beans-5.2.8.RELEASE.jar;D:\maven_repository\org\springframework\cloud\spring-cloud-commons\2.2.5.RELEASE\spring-cloud-commons-2.2.5.RELEASE.jar;D:\maven_repository\org\springframework\security\spring-security-crypto\5.3.4.RELEASE\spring-security-crypto-5.3.4.RELEASE.jar;D:\maven_repository\io\github\openfeign\feign-core\10.10.1\feign-core-10.10.1.jar;D:\maven_repository\io\github\openfeign\feign-slf4j\10.10.1\feign-slf4j-10.10.1.jar;D:\maven_repository\org\slf4j\slf4j-api\1.7.30\slf4j-api-1.7.30.jar;D:\maven_repository\io\github\openfeign\feign-hystrix\10.10.1\feign-hystrix-10.10.1.jar;D:\maven_repository\com\netflix\archaius\archaius-core\0.7.6\archaius-core-0.7.6.jar;D:\maven_repository\commons-configuration\commons-configuration\1.8\commons-configuration-1.8.jar;D:\maven_repository\commons-lang\commons-lang\2.6\commons-lang-2.6.jar;D:\maven_repository\com\fasterxml\jackson\core\jackson-annotations\2.11.2\jackson-annotations-2.11.2.jar;D:\maven_repository\com\fasterxml\jackson\core\jackson-core\2.11.2\jackson-core-2.11.2.jar;D:\maven_repository\com\netflix\hystrix\hystrix-core\1.5.18\hystrix-core-1.5.18.jar;D:\maven_repository\io\reactivex\rxjava\1.3.8\rxjava-1.3.8.jar;D:\maven_repository\org\hdrhistogram\HdrHistogram\2.1.9\HdrHistogram-2.1.9.jar;D:\self-web-frame\common\target\common-1.0-SNAPSHOT.jar;D:\maven_repository\tk\mybatis\mapper-spring-boot-starter\2.1.5\mapper-spring-boot-starter-2.1.5.jar;D:\maven_repository\org\springframework\boot\spring-boot-starter-jdbc\2.3.3.RELEASE\spring-boot-starter-jdbc-2.3.3.RELEASE.jar;D:\maven_repository\com\zaxxer\HikariCP\3.4.5\HikariCP-3.4.5.jar;D:\maven_repository\org\springframework\spring-jdbc\5.2.8.RELEASE\spring-jdbc-5.2.8.RELEASE.jar;D:\maven_repository\org\mybatis\mybatis\3.4.6\mybatis-3.4.6.jar;D:\maven_repository\org\mybatis\mybatis-spring\1.3.2\mybatis-spring-1.3.2.jar;D:\maven_repository\tk\mybatis\mapper-core\1.1.5\mapper-core-1.1.5.jar;D:\maven_repository\javax\persistence\persistence-api\1.0\persistence-api-1.0.jar;D:\maven_repository\tk\mybatis\mapper-base\1.1.5\mapper-base-1.1.5.jar;D:\maven_repository\tk\mybatis\mapper-weekend\1.1.5\mapper-weekend-1.1.5.jar;D:\maven_repository\tk\mybatis\mapper-spring\1.1.5\mapper-spring-1.1.5.jar;D:\maven_repository\tk\mybatis\mapper-extra\1.1.5\mapper-extra-1.1.5.jar;D:\maven_repository\tk\mybatis\mapper-spring-boot-autoconfigure\2.1.5\mapper-spring-boot-autoconfigure-2.1.5.jar;D:\maven_repository\org\apache\commons\commons-lang3\3.10\commons-lang3-3.10.jar;D:\maven_repository\com\google\guava\guava\29.0-jre\guava-29.0-jre.jar;D:\maven_repository\com\google\guava\failureaccess\1.0.1\failureaccess-1.0.1.jar;D:\maven_repository\com\google\guava\listenablefuture\9999.0-empty-to-avoid-conflict-with-guava\listenablefuture-9999.0-empty-to-avoid-conflict-with-guava.jar;D:\maven_repository\com\google\code\findbugs\jsr305\3.0.2\jsr305-3.0.2.jar;D:\maven_repository\org\checkerframework\checker-qual\2.11.1\checker-qual-2.11.1.jar;D:\maven_repository\com\google\errorprone\error_prone_annotations\2.3.4\error_prone_annotations-2.3.4.jar;D:\maven_repository\com\google\j2objc\j2objc-annotations\1.3\j2objc-annotations-1.3.jar;D:\maven_repository\org\springframework\boot\spring-boot-starter-data-redis\2.3.3.RELEASE\spring-boot-starter-data-redis-2.3.3.RELEASE.jar;D:\maven_repository\org\springframework\data\spring-data-redis\2.3.3.RELEASE\spring-data-redis-2.3.3.RELEASE.jar;D:\maven_repository\org\springframework\data\spring-data-keyvalue\2.3.3.RELEASE\spring-data-keyvalue-2.3.3.RELEASE.jar;D:\maven_repository\org\springframework\data\spring-data-commons\2.3.3.RELEASE\spring-data-commons-2.3.3.RELEASE.jar;D:\maven_repository\org\springframework\spring-tx\5.2.8.RELEASE\spring-tx-5.2.8.RELEASE.jar;D:\maven_repository\org\springframework\spring-oxm\5.2.8.RELEASE\spring-oxm-5.2.8.RELEASE.jar;D:\maven_repository\io\lettuce\lettuce-core\5.3.3.RELEASE\lettuce-core-5.3.3.RELEASE.jar;D:\maven_repository\io\netty\netty-common\4.1.51.Final\netty-common-4.1.51.Final.jar;D:\maven_repository\io\netty\netty-handler\4.1.51.Final\netty-handler-4.1.51.Final.jar;D:\maven_repository\io\netty\netty-resolver\4.1.51.Final\netty-resolver-4.1.51.Final.jar;D:\maven_repository\io\netty\netty-buffer\4.1.51.Final\netty-buffer-4.1.51.Final.jar;D:\maven_repository\io\netty\netty-codec\4.1.51.Final\netty-codec-4.1.51.Final.jar;D:\maven_repository\io\netty\netty-transport\4.1.51.Final\netty-transport-4.1.51.Final.jar;D:\maven_repository\io\projectreactor\reactor-core\3.3.9.RELEASE\reactor-core-3.3.9.RELEASE.jar;D:\maven_repository\org\reactivestreams\reactive-streams\1.0.3\reactive-streams-1.0.3.jar;D:\maven_repository\org\springframework\boot\spring-boot-starter-integration\2.3.3.RELEASE\spring-boot-starter-integration-2.3.3.RELEASE.jar;D:\maven_repository\org\springframework\integration\spring-integration-core\5.3.2.RELEASE\spring-integration-core-5.3.2.RELEASE.jar;D:\maven_repository\org\springframework\retry\spring-retry\1.2.5.RELEASE\spring-retry-1.2.5.RELEASE.jar;D:\maven_repository\org\springframework\integration\spring-integration-redis\5.3.2.RELEASE\spring-integration-redis-5.3.2.RELEASE.jar;D:\maven_repository\org\springframework\boot\spring-boot-starter-cache\2.3.3.RELEASE\spring-boot-starter-cache-2.3.3.RELEASE.jar;D:\maven_repository\org\springframework\spring-context-support\5.2.8.RELEASE\spring-context-support-5.2.8.RELEASE.jar;D:\maven_repository\org\springframework\boot\spring-boot-starter-amqp\2.3.3.RELEASE\spring-boot-starter-amqp-2.3.3.RELEASE.jar;D:\maven_repository\org\springframework\spring-messaging\5.2.8.RELEASE\spring-messaging-5.2.8.RELEASE.jar;D:\maven_repository\org\springframework\amqp\spring-rabbit\2.2.10.RELEASE\spring-rabbit-2.2.10.RELEASE.jar;D:\maven_repository\com\rabbitmq\amqp-client\5.9.0\amqp-client-5.9.0.jar;D:\maven_repository\org\springframework\amqp\spring-amqp\2.2.10.RELEASE\spring-amqp-2.2.10.RELEASE.jar;D:\maven_repository\com\github\pagehelper\pagehelper-spring-boot-starter\1.3.0\pagehelper-spring-boot-starter-1.3.0.jar;D:\maven_repository\com\github\pagehelper\pagehelper-spring-boot-autoconfigure\1.3.0\pagehelper-spring-boot-autoconfigure-1.3.0.jar;D:\maven_repository\com\github\pagehelper\pagehelper\5.2.0\pagehelper-5.2.0.jar;D:\maven_repository\com\github\jsqlparser\jsqlparser\3.2\jsqlparser-3.2.jar;D:\maven_repository\org\springframework\boot\spring-boot-starter-web\2.3.3.RELEASE\spring-boot-starter-web-2.3.3.RELEASE.jar;D:\maven_repository\org\springframework\boot\spring-boot-starter\2.3.3.RELEASE\spring-boot-starter-2.3.3.RELEASE.jar;D:\maven_repository\org\springframework\boot\spring-boot\2.3.3.RELEASE\spring-boot-2.3.3.RELEASE.jar;D:\maven_repository\org\springframework\boot\spring-boot-starter-logging\2.3.3.RELEASE\spring-boot-starter-logging-2.3.3.RELEASE.jar;D:\maven_repository\ch\qos\logback\logback-classic\1.2.3\logback-classic-1.2.3.jar;D:\maven_repository\ch\qos\logback\logback-core\1.2.3\logback-core-1.2.3.jar;D:\maven_repository\org\apache\logging\log4j\log4j-to-slf4j\2.13.3\log4j-to-slf4j-2.13.3.jar;D:\maven_repository\org\apache\logging\log4j\log4j-api\2.13.3\log4j-api-2.13.3.jar;D:\maven_repository\org\slf4j\jul-to-slf4j\1.7.30\jul-to-slf4j-1.7.30.jar;D:\maven_repository\jakarta\annotation\jakarta.annotation-api\1.3.5\jakarta.annotation-api-1.3.5.jar;D:\maven_repository\org\yaml\snakeyaml\1.26\snakeyaml-1.26.jar;D:\maven_repository\org\springframework\boot\spring-boot-starter-json\2.3.3.RELEASE\spring-boot-starter-json-2.3.3.RELEASE.jar;D:\maven_repository\com\fasterxml\jackson\core\jackson-databind\2.11.2\jackson-databind-2.11.2.jar;D:\maven_repository\com\fasterxml\jackson\datatype\jackson-datatype-jdk8\2.11.2\jackson-datatype-jdk8-2.11.2.jar;D:\maven_repository\com\fasterxml\jackson\datatype\jackson-datatype-jsr310\2.11.2\jackson-datatype-jsr310-2.11.2.jar;D:\maven_repository\com\fasterxml\jackson\module\jackson-module-parameter-names\2.11.2\jackson-module-parameter-names-2.11.2.jar;D:\maven_repository\org\springframework\boot\spring-boot-starter-tomcat\2.3.3.RELEASE\spring-boot-starter-tomcat-2.3.3.RELEASE.jar;D:\maven_repository\org\apache\tomcat\embed\tomcat-embed-core\9.0.37\tomcat-embed-core-9.0.37.jar;D:\maven_repository\org\glassfish\jakarta.el\3.0.3\jakarta.el-3.0.3.jar;D:\maven_repository\org\apache\tomcat\embed\tomcat-embed-websocket\9.0.37\tomcat-embed-websocket-9.0.37.jar;D:\maven_repository\org\springframework\spring-webmvc\5.2.8.RELEASE\spring-webmvc-5.2.8.RELEASE.jar;D:\maven_repository\org\springframework\spring-context\5.2.8.RELEASE\spring-context-5.2.8.RELEASE.jar;D:\maven_repository\org\springframework\spring-expression\5.2.8.RELEASE\spring-expression-5.2.8.RELEASE.jar;D:\maven_repository\org\springframework\boot\spring-boot-starter-aop\2.3.3.RELEASE\spring-boot-starter-aop-2.3.3.RELEASE.jar;D:\maven_repository\org\springframework\spring-aop\5.2.8.RELEASE\spring-aop-5.2.8.RELEASE.jar;D:\maven_repository\org\aspectj\aspectjweaver\1.9.6\aspectjweaver-1.9.6.jar;D:\maven_repository\org\projectlombok\lombok\1.18.8\lombok-1.18.8.jar;D:\maven_repository\org\springframework\boot\spring-boot-starter-test\2.3.3.RELEASE\spring-boot-starter-test-2.3.3.RELEASE.jar;D:\maven_repository\org\springframework\boot\spring-boot-test\2.3.3.RELEASE\spring-boot-test-2.3.3.RELEASE.jar;D:\maven_repository\org\springframework\boot\spring-boot-test-autoconfigure\2.3.3.RELEASE\spring-boot-test-autoconfigure-2.3.3.RELEASE.jar;D:\maven_repository\com\jayway\jsonpath\json-path\2.4.0\json-path-2.4.0.jar;D:\maven_repository\net\minidev\json-smart\2.3\json-smart-2.3.jar;D:\maven_repository\net\minidev\accessors-smart\1.2\accessors-smart-1.2.jar;D:\maven_repository\org\ow2\asm\asm\5.0.4\asm-5.0.4.jar;D:\maven_repository\jakarta\xml\bind\jakarta.xml.bind-api\2.3.3\jakarta.xml.bind-api-2.3.3.jar;D:\maven_repository\jakarta\activation\jakarta.activation-api\1.2.2\jakarta.activation-api-1.2.2.jar;D:\maven_repository\org\assertj\assertj-core\3.16.1\assertj-core-3.16.1.jar;D:\maven_repository\org\hamcrest\hamcrest\2.2\hamcrest-2.2.jar;D:\maven_repository\org\junit\jupiter\junit-jupiter\5.6.2\junit-jupiter-5.6.2.jar;D:\maven_repository\org\junit\jupiter\junit-jupiter-api\5.6.2\junit-jupiter-api-5.6.2.jar;D:\maven_repository\org\opentest4j\opentest4j\1.2.0\opentest4j-1.2.0.jar;D:\maven_repository\org\junit\platform\junit-platform-commons\1.6.2\junit-platform-commons-1.6.2.jar;D:\maven_repository\org\junit\jupiter\junit-jupiter-params\5.6.2\junit-jupiter-params-5.6.2.jar;D:\maven_repository\org\junit\jupiter\junit-jupiter-engine\5.6.2\junit-jupiter-engine-5.6.2.jar;D:\maven_repository\org\junit\vintage\junit-vintage-engine\5.6.2\junit-vintage-engine-5.6.2.jar;D:\maven_repository\org\apiguardian\apiguardian-api\1.1.0\apiguardian-api-1.1.0.jar;D:\maven_repository\org\junit\platform\junit-platform-engine\1.6.2\junit-platform-engine-1.6.2.jar;D:\maven_repository\junit\junit\4.12\junit-4.12.jar;D:\maven_repository\org\mockito\mockito-core\3.3.3\mockito-core-3.3.3.jar;D:\maven_repository\net\bytebuddy\byte-buddy\1.10.14\byte-buddy-1.10.14.jar;D:\maven_repository\net\bytebuddy\byte-buddy-agent\1.10.14\byte-buddy-agent-1.10.14.jar;D:\maven_repository\org\objenesis\objenesis\2.6\objenesis-2.6.jar;D:\maven_repository\org\mockito\mockito-junit-jupiter\3.3.3\mockito-junit-jupiter-3.3.3.jar;D:\maven_repository\org\skyscreamer\jsonassert\1.5.0\jsonassert-1.5.0.jar;D:\maven_repository\com\vaadin\external\google\android-json\0.0.20131108.vaadin1\android-json-0.0.20131108.vaadin1.jar;D:\maven_repository\org\springframework\spring-core\5.2.8.RELEASE\spring-core-5.2.8.RELEASE.jar;D:\maven_repository\org\springframework\spring-jcl\5.2.8.RELEASE\spring-jcl-5.2.8.RELEASE.jar;D:\maven_repository\org\springframework\spring-test\5.2.8.RELEASE\spring-test-5.2.8.RELEASE.jar;D:\maven_repository\org\xmlunit\xmlunit-core\2.7.0\xmlunit-core-2.7.0.jar;"/>
    <property name="java.vm.vendor" value="Oracle Corporation"/>
    <property name="sun.arch.data.model" value="64"/>
    <property name="user.variant" value=""/>
    <property name="java.vendor.url" value="http://java.oracle.com/"/>
    <property name="user.timezone" value="Asia/Shanghai"/>
    <property name="java.vm.specification.version" value="1.8"/>
    <property name="os.name" value="Windows 10"/>
    <property name="user.country" value="CN"/>
    <property name="sun.java.launcher" value="SUN_STANDARD"/>
    <property name="sun.boot.library.path" value="D:\Java\jdk1.8\jre\bin"/>
    <property name="sun.java.command" value="C:\Users\xc_go\AppData\Local\Temp\surefire7019200734914396753\surefirebooter8222000311710079878.jar C:\Users\xc_go\AppData\Local\Temp\surefire7019200734914396753 2021-09-08T18-19-33_052-jvmRun1 surefire7350655138300636156tmp surefire_08961762233438250246tmp"/>
    <property name="surefire.test.class.path" value="D:\self-web-frame\base\base-client\target\test-classes;D:\self-web-frame\base\base-client\target\classes;D:\maven_repository\org\springframework\cloud\spring-cloud-starter-openfeign\2.2.5.RELEASE\spring-cloud-starter-openfeign-2.2.5.RELEASE.jar;D:\maven_repository\org\springframework\cloud\spring-cloud-starter\2.2.5.RELEASE\spring-cloud-starter-2.2.5.RELEASE.jar;D:\maven_repository\org\springframework\cloud\spring-cloud-context\2.2.5.RELEASE\spring-cloud-context-2.2.5.RELEASE.jar;D:\maven_repository\org\springframework\security\spring-security-rsa\1.0.9.RELEASE\spring-security-rsa-1.0.9.RELEASE.jar;D:\maven_repository\org\bouncycastle\bcpkix-jdk15on\1.64\bcpkix-jdk15on-1.64.jar;D:\maven_repository\org\bouncycastle\bcprov-jdk15on\1.64\bcprov-jdk15on-1.64.jar;D:\maven_repository\org\springframework\cloud\spring-cloud-openfeign-core\2.2.5.RELEASE\spring-cloud-openfeign-core-2.2.5.RELEASE.jar;D:\maven_repository\org\springframework\boot\spring-boot-autoconfigure\2.3.3.RELEASE\spring-boot-autoconfigure-2.3.3.RELEASE.jar;D:\maven_repository\org\springframework\cloud\spring-cloud-netflix-ribbon\2.2.5.RELEASE\spring-cloud-netflix-ribbon-2.2.5.RELEASE.jar;D:\maven_repository\org\springframework\cloud\spring-cloud-netflix-archaius\2.2.5.RELEASE\spring-cloud-netflix-archaius-2.2.5.RELEASE.jar;D:\maven_repository\io\github\openfeign\form\feign-form-spring\3.8.0\feign-form-spring-3.8.0.jar;D:\maven_repository\io\github\openfeign\form\feign-form\3.8.0\feign-form-3.8.0.jar;D:\maven_repository\commons-fileupload\commons-fileupload\1.4\commons-fileupload-1.4.jar;D:\maven_repository\commons-io\commons-io\2.2\commons-io-2.2.jar;D:\maven_repository\org\springframework\spring-web\5.2.8.RELEASE\spring-web-5.2.8.RELEASE.jar;D:\maven_repository\org\springframework\spring-beans\5.2.8.RELEASE\spring-beans-5.2.8.RELEASE.jar;D:\maven_repository\org\springframework\cloud\spring-cloud-commons\2.2.5.RELEASE\spring-cloud-commons-2.2.5.RELEASE.jar;D:\maven_repository\org\springframework\security\spring-security-crypto\5.3.4.RELEASE\spring-security-crypto-5.3.4.RELEASE.jar;D:\maven_repository\io\github\openfeign\feign-core\10.10.1\feign-core-10.10.1.jar;D:\maven_repository\io\github\openfeign\feign-slf4j\10.10.1\feign-slf4j-10.10.1.jar;D:\maven_repository\org\slf4j\slf4j-api\1.7.30\slf4j-api-1.7.30.jar;D:\maven_repository\io\github\openfeign\feign-hystrix\10.10.1\feign-hystrix-10.10.1.jar;D:\maven_repository\com\netflix\archaius\archaius-core\0.7.6\archaius-core-0.7.6.jar;D:\maven_repository\commons-configuration\commons-configuration\1.8\commons-configuration-1.8.jar;D:\maven_repository\commons-lang\commons-lang\2.6\commons-lang-2.6.jar;D:\maven_repository\com\fasterxml\jackson\core\jackson-annotations\2.11.2\jackson-annotations-2.11.2.jar;D:\maven_repository\com\fasterxml\jackson\core\jackson-core\2.11.2\jackson-core-2.11.2.jar;D:\maven_repository\com\netflix\hystrix\hystrix-core\1.5.18\hystrix-core-1.5.18.jar;D:\maven_repository\io\reactivex\rxjava\1.3.8\rxjava-1.3.8.jar;D:\maven_repository\org\hdrhistogram\HdrHistogram\2.1.9\HdrHistogram-2.1.9.jar;D:\self-web-frame\common\target\common-1.0-SNAPSHOT.jar;D:\maven_repository\tk\mybatis\mapper-spring-boot-starter\2.1.5\mapper-spring-boot-starter-2.1.5.jar;D:\maven_repository\org\springframework\boot\spring-boot-starter-jdbc\2.3.3.RELEASE\spring-boot-starter-jdbc-2.3.3.RELEASE.jar;D:\maven_repository\com\zaxxer\HikariCP\3.4.5\HikariCP-3.4.5.jar;D:\maven_repository\org\springframework\spring-jdbc\5.2.8.RELEASE\spring-jdbc-5.2.8.RELEASE.jar;D:\maven_repository\org\mybatis\mybatis\3.4.6\mybatis-3.4.6.jar;D:\maven_repository\org\mybatis\mybatis-spring\1.3.2\mybatis-spring-1.3.2.jar;D:\maven_repository\tk\mybatis\mapper-core\1.1.5\mapper-core-1.1.5.jar;D:\maven_repository\javax\persistence\persistence-api\1.0\persistence-api-1.0.jar;D:\maven_repository\tk\mybatis\mapper-base\1.1.5\mapper-base-1.1.5.jar;D:\maven_repository\tk\mybatis\mapper-weekend\1.1.5\mapper-weekend-1.1.5.jar;D:\maven_repository\tk\mybatis\mapper-spring\1.1.5\mapper-spring-1.1.5.jar;D:\maven_repository\tk\mybatis\mapper-extra\1.1.5\mapper-extra-1.1.5.jar;D:\maven_repository\tk\mybatis\mapper-spring-boot-autoconfigure\2.1.5\mapper-spring-boot-autoconfigure-2.1.5.jar;D:\maven_repository\org\apache\commons\commons-lang3\3.10\commons-lang3-3.10.jar;D:\maven_repository\com\google\guava\guava\29.0-jre\guava-29.0-jre.jar;D:\maven_repository\com\google\guava\failureaccess\1.0.1\failureaccess-1.0.1.jar;D:\maven_repository\com\google\guava\listenablefuture\9999.0-empty-to-avoid-conflict-with-guava\listenablefuture-9999.0-empty-to-avoid-conflict-with-guava.jar;D:\maven_repository\com\google\code\findbugs\jsr305\3.0.2\jsr305-3.0.2.jar;D:\maven_repository\org\checkerframework\checker-qual\2.11.1\checker-qual-2.11.1.jar;D:\maven_repository\com\google\errorprone\error_prone_annotations\2.3.4\error_prone_annotations-2.3.4.jar;D:\maven_repository\com\google\j2objc\j2objc-annotations\1.3\j2objc-annotations-1.3.jar;D:\maven_repository\org\springframework\boot\spring-boot-starter-data-redis\2.3.3.RELEASE\spring-boot-starter-data-redis-2.3.3.RELEASE.jar;D:\maven_repository\org\springframework\data\spring-data-redis\2.3.3.RELEASE\spring-data-redis-2.3.3.RELEASE.jar;D:\maven_repository\org\springframework\data\spring-data-keyvalue\2.3.3.RELEASE\spring-data-keyvalue-2.3.3.RELEASE.jar;D:\maven_repository\org\springframework\data\spring-data-commons\2.3.3.RELEASE\spring-data-commons-2.3.3.RELEASE.jar;D:\maven_repository\org\springframework\spring-tx\5.2.8.RELEASE\spring-tx-5.2.8.RELEASE.jar;D:\maven_repository\org\springframework\spring-oxm\5.2.8.RELEASE\spring-oxm-5.2.8.RELEASE.jar;D:\maven_repository\io\lettuce\lettuce-core\5.3.3.RELEASE\lettuce-core-5.3.3.RELEASE.jar;D:\maven_repository\io\netty\netty-common\4.1.51.Final\netty-common-4.1.51.Final.jar;D:\maven_repository\io\netty\netty-handler\4.1.51.Final\netty-handler-4.1.51.Final.jar;D:\maven_repository\io\netty\netty-resolver\4.1.51.Final\netty-resolver-4.1.51.Final.jar;D:\maven_repository\io\netty\netty-buffer\4.1.51.Final\netty-buffer-4.1.51.Final.jar;D:\maven_repository\io\netty\netty-codec\4.1.51.Final\netty-codec-4.1.51.Final.jar;D:\maven_repository\io\netty\netty-transport\4.1.51.Final\netty-transport-4.1.51.Final.jar;D:\maven_repository\io\projectreactor\reactor-core\3.3.9.RELEASE\reactor-core-3.3.9.RELEASE.jar;D:\maven_repository\org\reactivestreams\reactive-streams\1.0.3\reactive-streams-1.0.3.jar;D:\maven_repository\org\springframework\boot\spring-boot-starter-integration\2.3.3.RELEASE\spring-boot-starter-integration-2.3.3.RELEASE.jar;D:\maven_repository\org\springframework\integration\spring-integration-core\5.3.2.RELEASE\spring-integration-core-5.3.2.RELEASE.jar;D:\maven_repository\org\springframework\retry\spring-retry\1.2.5.RELEASE\spring-retry-1.2.5.RELEASE.jar;D:\maven_repository\org\springframework\integration\spring-integration-redis\5.3.2.RELEASE\spring-integration-redis-5.3.2.RELEASE.jar;D:\maven_repository\org\springframework\boot\spring-boot-starter-cache\2.3.3.RELEASE\spring-boot-starter-cache-2.3.3.RELEASE.jar;D:\maven_repository\org\springframework\spring-context-support\5.2.8.RELEASE\spring-context-support-5.2.8.RELEASE.jar;D:\maven_repository\org\springframework\boot\spring-boot-starter-amqp\2.3.3.RELEASE\spring-boot-starter-amqp-2.3.3.RELEASE.jar;D:\maven_repository\org\springframework\spring-messaging\5.2.8.RELEASE\spring-messaging-5.2.8.RELEASE.jar;D:\maven_repository\org\springframework\amqp\spring-rabbit\2.2.10.RELEASE\spring-rabbit-2.2.10.RELEASE.jar;D:\maven_repository\com\rabbitmq\amqp-client\5.9.0\amqp-client-5.9.0.jar;D:\maven_repository\org\springframework\amqp\spring-amqp\2.2.10.RELEASE\spring-amqp-2.2.10.RELEASE.jar;D:\maven_repository\com\github\pagehelper\pagehelper-spring-boot-starter\1.3.0\pagehelper-spring-boot-starter-1.3.0.jar;D:\maven_repository\com\github\pagehelper\pagehelper-spring-boot-autoconfigure\1.3.0\pagehelper-spring-boot-autoconfigure-1.3.0.jar;D:\maven_repository\com\github\pagehelper\pagehelper\5.2.0\pagehelper-5.2.0.jar;D:\maven_repository\com\github\jsqlparser\jsqlparser\3.2\jsqlparser-3.2.jar;D:\maven_repository\org\springframework\boot\spring-boot-starter-web\2.3.3.RELEASE\spring-boot-starter-web-2.3.3.RELEASE.jar;D:\maven_repository\org\springframework\boot\spring-boot-starter\2.3.3.RELEASE\spring-boot-starter-2.3.3.RELEASE.jar;D:\maven_repository\org\springframework\boot\spring-boot\2.3.3.RELEASE\spring-boot-2.3.3.RELEASE.jar;D:\maven_repository\org\springframework\boot\spring-boot-starter-logging\2.3.3.RELEASE\spring-boot-starter-logging-2.3.3.RELEASE.jar;D:\maven_repository\ch\qos\logback\logback-classic\1.2.3\logback-classic-1.2.3.jar;D:\maven_repository\ch\qos\logback\logback-core\1.2.3\logback-core-1.2.3.jar;D:\maven_repository\org\apache\logging\log4j\log4j-to-slf4j\2.13.3\log4j-to-slf4j-2.13.3.jar;D:\maven_repository\org\apache\logging\log4j\log4j-api\2.13.3\log4j-api-2.13.3.jar;D:\maven_repository\org\slf4j\jul-to-slf4j\1.7.30\jul-to-slf4j-1.7.30.jar;D:\maven_repository\jakarta\annotation\jakarta.annotation-api\1.3.5\jakarta.annotation-api-1.3.5.jar;D:\maven_repository\org\yaml\snakeyaml\1.26\snakeyaml-1.26.jar;D:\maven_repository\org\springframework\boot\spring-boot-starter-json\2.3.3.RELEASE\spring-boot-starter-json-2.3.3.RELEASE.jar;D:\maven_repository\com\fasterxml\jackson\core\jackson-databind\2.11.2\jackson-databind-2.11.2.jar;D:\maven_repository\com\fasterxml\jackson\datatype\jackson-datatype-jdk8\2.11.2\jackson-datatype-jdk8-2.11.2.jar;D:\maven_repository\com\fasterxml\jackson\datatype\jackson-datatype-jsr310\2.11.2\jackson-datatype-jsr310-2.11.2.jar;D:\maven_repository\com\fasterxml\jackson\module\jackson-module-parameter-names\2.11.2\jackson-module-parameter-names-2.11.2.jar;D:\maven_repository\org\springframework\boot\spring-boot-starter-tomcat\2.3.3.RELEASE\spring-boot-starter-tomcat-2.3.3.RELEASE.jar;D:\maven_repository\org\apache\tomcat\embed\tomcat-embed-core\9.0.37\tomcat-embed-core-9.0.37.jar;D:\maven_repository\org\glassfish\jakarta.el\3.0.3\jakarta.el-3.0.3.jar;D:\maven_repository\org\apache\tomcat\embed\tomcat-embed-websocket\9.0.37\tomcat-embed-websocket-9.0.37.jar;D:\maven_repository\org\springframework\spring-webmvc\5.2.8.RELEASE\spring-webmvc-5.2.8.RELEASE.jar;D:\maven_repository\org\springframework\spring-context\5.2.8.RELEASE\spring-context-5.2.8.RELEASE.jar;D:\maven_repository\org\springframework\spring-expression\5.2.8.RELEASE\spring-expression-5.2.8.RELEASE.jar;D:\maven_repository\org\springframework\boot\spring-boot-starter-aop\2.3.3.RELEASE\spring-boot-starter-aop-2.3.3.RELEASE.jar;D:\maven_repository\org\springframework\spring-aop\5.2.8.RELEASE\spring-aop-5.2.8.RELEASE.jar;D:\maven_repository\org\aspectj\aspectjweaver\1.9.6\aspectjweaver-1.9.6.jar;D:\maven_repository\org\projectlombok\lombok\1.18.8\lombok-1.18.8.jar;D:\maven_repository\org\springframework\boot\spring-boot-starter-test\2.3.3.RELEASE\spring-boot-starter-test-2.3.3.RELEASE.jar;D:\maven_repository\org\springframework\boot\spring-boot-test\2.3.3.RELEASE\spring-boot-test-2.3.3.RELEASE.jar;D:\maven_repository\org\springframework\boot\spring-boot-test-autoconfigure\2.3.3.RELEASE\spring-boot-test-autoconfigure-2.3.3.RELEASE.jar;D:\maven_repository\com\jayway\jsonpath\json-path\2.4.0\json-path-2.4.0.jar;D:\maven_repository\net\minidev\json-smart\2.3\json-smart-2.3.jar;D:\maven_repository\net\minidev\accessors-smart\1.2\accessors-smart-1.2.jar;D:\maven_repository\org\ow2\asm\asm\5.0.4\asm-5.0.4.jar;D:\maven_repository\jakarta\xml\bind\jakarta.xml.bind-api\2.3.3\jakarta.xml.bind-api-2.3.3.jar;D:\maven_repository\jakarta\activation\jakarta.activation-api\1.2.2\jakarta.activation-api-1.2.2.jar;D:\maven_repository\org\assertj\assertj-core\3.16.1\assertj-core-3.16.1.jar;D:\maven_repository\org\hamcrest\hamcrest\2.2\hamcrest-2.2.jar;D:\maven_repository\org\junit\jupiter\junit-jupiter\5.6.2\junit-jupiter-5.6.2.jar;D:\maven_repository\org\junit\jupiter\junit-jupiter-api\5.6.2\junit-jupiter-api-5.6.2.jar;D:\maven_repository\org\opentest4j\opentest4j\1.2.0\opentest4j-1.2.0.jar;D:\maven_repository\org\junit\platform\junit-platform-commons\1.6.2\junit-platform-commons-1.6.2.jar;D:\maven_repository\org\junit\jupiter\junit-jupiter-params\5.6.2\junit-jupiter-params-5.6.2.jar;D:\maven_repository\org\junit\jupiter\junit-jupiter-engine\5.6.2\junit-jupiter-engine-5.6.2.jar;D:\maven_repository\org\junit\vintage\junit-vintage-engine\5.6.2\junit-vintage-engine-5.6.2.jar;D:\maven_repository\org\apiguardian\apiguardian-api\1.1.0\apiguardian-api-1.1.0.jar;D:\maven_repository\org\junit\platform\junit-platform-engine\1.6.2\junit-platform-engine-1.6.2.jar;D:\maven_repository\junit\junit\4.12\junit-4.12.jar;D:\maven_repository\org\mockito\mockito-core\3.3.3\mockito-core-3.3.3.jar;D:\maven_repository\net\bytebuddy\byte-buddy\1.10.14\byte-buddy-1.10.14.jar;D:\maven_repository\net\bytebuddy\byte-buddy-agent\1.10.14\byte-buddy-agent-1.10.14.jar;D:\maven_repository\org\objenesis\objenesis\2.6\objenesis-2.6.jar;D:\maven_repository\org\mockito\mockito-junit-jupiter\3.3.3\mockito-junit-jupiter-3.3.3.jar;D:\maven_repository\org\skyscreamer\jsonassert\1.5.0\jsonassert-1.5.0.jar;D:\maven_repository\com\vaadin\external\google\android-json\0.0.20131108.vaadin1\android-json-0.0.20131108.vaadin1.jar;D:\maven_repository\org\springframework\spring-core\5.2.8.RELEASE\spring-core-5.2.8.RELEASE.jar;D:\maven_repository\org\springframework\spring-jcl\5.2.8.RELEASE\spring-jcl-5.2.8.RELEASE.jar;D:\maven_repository\org\springframework\spring-test\5.2.8.RELEASE\spring-test-5.2.8.RELEASE.jar;D:\maven_repository\org\xmlunit\xmlunit-core\2.7.0\xmlunit-core-2.7.0.jar;"/>
    <property name="sun.cpu.endian" value="little"/>
    <property name="user.home" value="C:\Users\xc_go"/>
    <property name="user.language" value="zh"/>
    <property name="java.specification.vendor" value="Oracle Corporation"/>
    <property name="java.home" value="D:\Java\jdk1.8\jre"/>
    <property name="basedir" value="D:\self-web-frame\base\base-client"/>
    <property name="file.separator" value="\"/>
    <property name="line.separator" value="&#10;"/>
    <property name="idea.version2019.2.4" value="true"/>
    <property name="java.vm.specification.vendor" value="Oracle Corporation"/>
    <property name="java.specification.name" value="Java Platform API Specification"/>
    <property name="java.awt.graphicsenv" value="sun.awt.Win32GraphicsEnvironment"/>
    <property name="surefire.real.class.path" value="C:\Users\xc_go\AppData\Local\Temp\surefire7019200734914396753\surefirebooter8222000311710079878.jar"/>
    <property name="sun.boot.class.path" value="D:\Java\jdk1.8\jre\lib\resources.jar;D:\Java\jdk1.8\jre\lib\rt.jar;D:\Java\jdk1.8\jre\lib\sunrsasign.jar;D:\Java\jdk1.8\jre\lib\jsse.jar;D:\Java\jdk1.8\jre\lib\jce.jar;D:\Java\jdk1.8\jre\lib\charsets.jar;D:\Java\jdk1.8\jre\lib\jfr.jar;D:\Java\jdk1.8\jre\classes"/>
    <property name="user.script" value=""/>
    <property name="sun.management.compiler" value="HotSpot 64-Bit Tiered Compilers"/>
    <property name="java.runtime.version" value="1.8.0_162-b12"/>
    <property name="user.name" value="xc_go"/>
    <property name="path.separator" value=";"/>
    <property name="os.version" value="10.0"/>
    <property name="java.endorsed.dirs" value="D:\Java\jdk1.8\jre\lib\endorsed"/>
    <property name="java.runtime.name" value="Java(TM) SE Runtime Environment"/>
    <property name="file.encoding" value="GBK"/>
    <property name="java.vm.name" value="Java HotSpot(TM) 64-Bit Server VM"/>
    <property name="localRepository" value="D:\maven_repository"/>
    <property name="java.vendor.url.bug" value="http://bugreport.sun.com/bugreport/"/>
    <property name="java.io.tmpdir" value="C:\Users\xc_go\AppData\Local\Temp\"/>
    <property name="java.version" value="1.8.0_162"/>
    <property name="user.dir" value="D:\self-web-frame\base\base-client"/>
    <property name="os.arch" value="amd64"/>
    <property name="java.vm.specification.name" value="Java Virtual Machine Specification"/>
    <property name="java.awt.printerjob" value="sun.awt.windows.WPrinterJob"/>
    <property name="sun.os.patch.level" value=""/>
    <property name="java.library.path" value="D:\Java\jdk1.8\jre\bin;C:\WINDOWS\Sun\Java\bin;C:\WINDOWS\system32;C:\WINDOWS;C:\ProgramData\Oracle\Java\javapath;D:\XShell\;C:\Program Files (x86)\Intel\iCLS Client\;C:\Program Files\Intel\iCLS Client\;C:\Windows\system32;C:\Windows;C:\Windows\System32\Wbem;C:\Windows\System32\WindowsPowerShell\v1.0\;C:\Program Files (x86)\NVIDIA Corporation\PhysX\Common;D:\apache-maven-3.6.3\bin;D:\MySql\bin;C:\WINDOWS\system32;C:\WINDOWS;C:\WINDOWS\System32\Wbem;C:\WINDOWS\System32\WindowsPowerShell\v1.0\;D:\Git\cmd;C:\WINDOWS\System32\OpenSSH\;D:\gradle-4.10.3\bin;D:\TortoiseGit\bin;D:\nodeJS\;C:\Program Files\NVIDIA Corporation\NVIDIA NvDLISR;D:\gvim\Vim\vim82;D:\Java\jdk1.8\bin;D:\Java\jdk1.8\jre\bin;C:\Users\xc_go\AppData\Roaming\npm;;C:\WINDOWS\system32;C:\WINDOWS;C:\WINDOWS\System32\Wbem;C:\WINDOWS\System32\WindowsPowerShell\v1.0\;C:\WINDOWS\System32\OpenSSH\;C:\Program Files (x86)\Intel\Intel(R) Management Engine Components\DAL;C:\Program Files\Intel\Intel(R) Management Engine Components\DAL;D:\pythonSoft3.7.1\Scripts\;D:\pythonSoft3.7.1\;C:\Users\xc_go\AppData\Local\Microsoft\WindowsApps;C:\Users\xc_go\AppData\Roaming\npm;D:\VSCode\bin;;D:\PyCharm 2020.3.3\bin;;."/>
    <property name="java.vm.info" value="mixed mode"/>
    <property name="java.vendor" value="Oracle Corporation"/>
    <property name="java.vm.version" value="25.162-b12"/>
    <property name="java.ext.dirs" value="D:\Java\jdk1.8\jre\lib\ext;C:\WINDOWS\Sun\Java\lib\ext"/>
    <property name="sun.io.unicode.encoding" value="UnicodeLittle"/>
    <property name="maven.repo.local" value="D:\maven_repository"/>
    <property name="java.class.version" value="52.0"/>
  </properties>
  <testcase name="shouldAnswerWithTrue" classname="com.self.AppTest" time="0.001"/>
</testsuite>